fopen("flag", "rb")                                                                          = 0x5638f32312a0
fseek(0x5638f32312a0, 0, 2, 0x7fe0c55ec53b)                                                  = 0
ftell(0x5638f32312a0, 0x5638f3231480, 1, 1)                                                  = 12
fseek(0x5638f32312a0, 0, 0, 0)                                                               = 0
malloc(12)                                                                                   = 0x5638f3232490
fread(0x5638f3232490, 12, 1, 0x5638f32312a0)                                                 = 1
fclose(0x5638f32312a0)                                                                       = 0
time(0)                                                                                      = 1744371202
srand(0x67f8fe02, 0x5638f3231010, 0, 28)                                                     = 1
rand(0xffffffff, 0x7fe0c56f2860, 0x7fe0c56f2204, 0x7fe0c56f2280)                             = 0x1aeec79c
rand(0x7fe0c56f2860, 0x7ffc58763964, 173, 173)                                               = 0x4e2798e3
rand(0x7fe0c56f2860, 109, 0x5638f3232490, 3)                                                 = 0x6fb96c96
rand(0x7fe0c56f2860, 0x7ffc58763964, 164, 164)                                               = 0x7919fe97
rand(0x7fe0c56f2860, 82, 0x5638f3232491, 7)                                                  = 0x41f1850
rand(0x7fe0c56f2860, 0x7ffc58763964, 99, 99)                                                 = 0x3366f29
rand(0x7fe0c56f2860, 198, 0x5638f3232492, 1)                                                 = 0x6e210576
rand(0x7fe0c56f2860, 0x7ffc58763964, 66, 66)                                                 = 0x76651ffa
rand(0x7fe0c56f2860, 9, 0x5638f3232493, 2)                                                   = 0x1d27c6a8
rand(0x7fe0c56f2860, 0x7ffc58763964, 157, 157)                                               = 0x2dd937ed
rand(0x7fe0c56f2860, 179, 0x5638f3232494, 5)                                                 = 0x3659a0cb
rand(0x7fe0c56f2860, 0x7ffc58763964, 253, 253)                                               = 0x55639fd8
rand(0x7fe0c56f2860, 253, 0x5638f3232495, 0)                                                 = 0x66cec0fa
rand(0x7fe0c56f2860, 0x7ffc58763964, 205, 205)                                               = 0x5d50f7fd
rand(0x7fe0c56f2860, 185, 0x5638f3232496, 5)                                                 = 0x3724989e
rand(0x7fe0c56f2860, 0x7ffc58763964, 168, 168)                                               = 0x68bc52c
rand(0x7fe0c56f2860, 138, 0x5638f3232497, 4)                                                 = 0x43aed8d4
rand(0x7fe0c56f2860, 0x7ffc58763964, 236, 236)                                               = 0x15a2f212
rand(0x7fe0c56f2860, 179, 0x5638f3232498, 2)                                                 = 0x21cb9663
rand(0x7fe0c56f2860, 0x7ffc58763964, 90, 90)                                                 = 0x199ea164
rand(0x7fe0c56f2860, 165, 0x5638f3232499, 4)                                                 = 0x3241e9b7
rand(0x7fe0c56f2860, 0x7ffc58763964, 135, 135)                                               = 0x71d1f59e
rand(0x7fe0c56f2860, 225, 0x5638f323249a, 6)                                                 = 0x3be16bc7
rand(0x7fe0c56f2860, 0x7ffc58763964, 205, 205)                                               = 0x3bdb28b4
fopen("flag.enc", "wb")                                                                      = 0x5638f32312a0
fwrite("\002\376\370g\004", 1, 4, 0x5638f32312a0)                                            = 4
fwrite("mR\306\t\263\375\271\212\263\245\341\334", 1, 12, 0x5638f32312a0)                    = 12
fclose(0x5638f32312a0)                                                                       = 0
+++ exited (status 0) +++
