execve("./encrypt", ["./encrypt"], 0x7fffa59f7b90 /* 15 vars */) = 0
brk(NULL)                               = 0x55d7e03a7000
arch_prctl(0x3001 /* ARCH_??? */, 0x7ffcae9113b0) = -1 EINVAL (Invalid argument)
mmap(NULL, 8192, PROT_READ|PROT_WRITE, MAP_PRIVATE|MAP_ANONYMOUS, -1, 0) = 0x7fb46663a000
access("/etc/ld.so.preload", R_OK)      = -1 ENOENT (No such file or directory)
openat(AT_FDCWD, "/etc/ld.so.cache", O_RDONLY|O_CLOEXEC) = 3
newfstatat(3, "", {st_mode=S_IFREG|0644, st_size=27727, ...}, AT_EMPTY_PATH) = 0
mmap(NULL, 27727, PROT_READ, MAP_PRIVATE, 3, 0) = 0x7fb466633000
close(3)                                = 0
openat(AT_FDCWD, "/lib/x86_64-linux-gnu/libc.so.6", O_RDONLY|O_CLOEXEC) = 3
read(3, "\177ELF\2\1\1\3\0\0\0\0\0\0\0\0\3\0>\0\1\0\0\0P\237\2\0\0\0\0\0"..., 832) = 832
pread64(3, "\6\0\0\0\4\0\0\0@\0\0\0\0\0\0\0@\0\0\0\0\0\0\0@\0\0\0\0\0\0\0"..., 784, 64) = 784
pread64(3, "\4\0\0\0 \0\0\0\5\0\0\0GNU\0\2\0\0\300\4\0\0\0\3\0\0\0\0\0\0\0"..., 48, 848) = 48
pread64(3, "\4\0\0\0\24\0\0\0\3\0\0\0GNU\0I\17\357\204\3$\f\221\2039x\324\224\323\236S"..., 68, 896) = 68
newfstatat(3, "", {st_mode=S_IFREG|0755, st_size=2220400, ...}, AT_EMPTY_PATH) = 0
pread64(3, "\6\0\0\0\4\0\0\0@\0\0\0\0\0\0\0@\0\0\0\0\0\0\0@\0\0\0\0\0\0\0"..., 784, 64) = 784
mmap(NULL, 2264656, PROT_READ, MAP_PRIVATE|MAP_DENYWRITE, 3, 0) = 0x7fb46640a000
mprotect(0x7fb466432000, 2023424, PROT_NONE) = 0
mmap(0x7fb466432000, 1658880, PROT_READ|PROT_EXEC, MAP_PRIVATE|MAP_FIXED|MAP_DENYWRITE, 3, 0x28000) = 0x7fb466432000
mmap(0x7fb4665c7000, 360448, PROT_READ, MAP_PRIVATE|MAP_FIXED|MAP_DENYWRITE, 3, 0x1bd000) = 0x7fb4665c7000
mmap(0x7fb466620000, 24576, PROT_READ|PROT_WRITE, MAP_PRIVATE|MAP_FIXED|MAP_DENYWRITE, 3, 0x215000) = 0x7fb466620000
mmap(0x7fb466626000, 52816, PROT_READ|PROT_WRITE, MAP_PRIVATE|MAP_FIXED|MAP_ANONYMOUS, -1, 0) = 0x7fb466626000
close(3)                                = 0
mmap(NULL, 12288, PROT_READ|PROT_WRITE, MAP_PRIVATE|MAP_ANONYMOUS, -1, 0) = 0x7fb466407000
arch_prctl(ARCH_SET_FS, 0x7fb466407740) = 0
set_tid_address(0x7fb466407a10)         = 2624
set_robust_list(0x7fb466407a20, 24)     = 0
rseq(0x7fb4664080e0, 0x20, 0, 0x53053053) = 0
mprotect(0x7fb466620000, 16384, PROT_READ) = 0
mprotect(0x55d7e0252000, 4096, PROT_READ) = 0
mprotect(0x7fb466674000, 8192, PROT_READ) = 0
prlimit64(0, RLIMIT_STACK, NULL, {rlim_cur=8192*1024, rlim_max=RLIM64_INFINITY}) = 0
munmap(0x7fb466633000, 27727)           = 0
getrandom("\xdd\x2f\x95\x66\x63\x7b\xc8\x9c", 8, GRND_NONBLOCK) = 8
brk(NULL)                               = 0x55d7e03a7000
brk(0x55d7e03c8000)                     = 0x55d7e03c8000
openat(AT_FDCWD, "flag", O_RDONLY)      = 3
newfstatat(3, "", {st_mode=S_IFREG|0644, st_size=12, ...}, AT_EMPTY_PATH) = 0
newfstatat(3, "", {st_mode=S_IFREG|0644, st_size=12, ...}, AT_EMPTY_PATH) = 0
lseek(3, 0, SEEK_SET)                   = 0
read(3, "12345676890\n", 12)            = 12
lseek(3, 12, SEEK_SET)                  = 12
close(3)                                = 0
openat(AT_FDCWD, "flag.enc", O_WRONLY|O_CREAT|O_TRUNC, 0666) = 3
newfstatat(3, "", {st_mode=S_IFREG|0644, st_size=0, ...}, AT_EMPTY_PATH) = 0
write(3, "\303\376\370g@\362\207\24#\3610h\311\351\\=", 16) = 16
close(3)                                = 0
exit_group(0)                           = ?
+++ exited with 0 +++
