
Hubbub:     file format elf32-avr
Hubbub
architecture: avr:5, flags 0x00000112:
EXEC_P, HAS_SYMS, D_PAGED
start address 0x00000000

Program Header:
    LOAD off    0x00000094 vaddr 0x00000000 paddr 0x00000000 align 2**1
         filesz 0x000013a4 memsz 0x000013a4 flags r-x
    LOAD off    0x00001438 vaddr 0x00800100 paddr 0x000013a4 align 2**0
         filesz 0x00000002 memsz 0x00000002 flags rw-
    LOAD off    0x0000143a vaddr 0x00800102 paddr 0x00800102 align 2**0
         filesz 0x00000000 memsz 0x0000001a flags rw-

Sections:
Idx Name          Size      VMA       LMA       File off  Algn
  0 .data         00000002  00800100  000013a4  00001438  2**0
                  CONTENTS, ALLOC, LOAD, DATA
  1 .text         000013a4  00000000  00000000  00000094  2**1
                  CONTENTS, ALLOC, LOAD, READONLY, CODE
  2 .bss          0000001a  00800102  00800102  0000143a  2**0
                  ALLOC
  3 .comment      00000011  00000000  00000000  0000143a  2**0
                  CONTENTS, READONLY
  4 .note.gnu.avr.deviceinfo 00000040  00000000  00000000  0000144c  2**2
                  CONTENTS, READONLY
  5 .debug_aranges 000000e8  00000000  00000000  00001490  2**3
                  CONTENTS, READONLY, DEBUGGING
  6 .debug_info   00003823  00000000  00000000  00001578  2**0
                  CONTENTS, READONLY, DEBUGGING
  7 .debug_abbrev 00000934  00000000  00000000  00004d9b  2**0
                  CONTENTS, READONLY, DEBUGGING
  8 .debug_line   00000ff3  00000000  00000000  000056cf  2**0
                  CONTENTS, READONLY, DEBUGGING
  9 .debug_frame  0000012c  00000000  00000000  000066c4  2**2
                  CONTENTS, READONLY, DEBUGGING
 10 .debug_str    000005dc  00000000  00000000  000067f0  2**0
                  CONTENTS, READONLY, DEBUGGING
 11 .debug_loc    00000c91  00000000  00000000  00006dcc  2**0
                  CONTENTS, READONLY, DEBUGGING
 12 .debug_ranges 000000c8  00000000  00000000  00007a5d  2**0
                  CONTENTS, READONLY, DEBUGGING
SYMBOL TABLE:
00800100 l    d  .data	00000000 .data
00000000 l    d  .text	00000000 .text
00800102 l    d  .bss	00000000 .bss
00000000 l    d  .comment	00000000 .comment
00000000 l    d  .note.gnu.avr.deviceinfo	00000000 .note.gnu.avr.deviceinfo
00000000 l    d  .debug_aranges	00000000 .debug_aranges
00000000 l    d  .debug_info	00000000 .debug_info
00000000 l    d  .debug_abbrev	00000000 .debug_abbrev
00000000 l    d  .debug_line	00000000 .debug_line
00000000 l    d  .debug_frame	00000000 .debug_frame
00000000 l    d  .debug_str	00000000 .debug_str
00000000 l    d  .debug_loc	00000000 .debug_loc
00000000 l    d  .debug_ranges	00000000 .debug_ranges
00000000 l    df *ABS*	00000000 
0000003e l       *ABS*	00000000 __SP_H__
0000003d l       *ABS*	00000000 __SP_L__
0000003f l       *ABS*	00000000 __SREG__
00000000 l       *ABS*	00000000 __tmp_reg__
00000001 l       *ABS*	00000000 __zero_reg__
000000f8 l     F .text	00000038 pinMode.constprop.3
000000a5 l     O .text	00000014 digital_pin_to_bit_mask_PGM
00000091 l     O .text	00000014 digital_pin_to_port_PGM
00000087 l     O .text	0000000a port_to_mode_PGM
0000007d l     O .text	0000000a port_to_output_PGM
00000130 l     F .text	000001f0 _Z4tonehjm.constprop.1
00800100 l     O .data	00000001 _ZL9tone_pins
0000007c l     O .text	00000001 _ZL21tone_pin_to_timer_PGM
00800118 l     O .bss	00000004 timer0_toggle_count
0080010f l     O .bss	00000001 timer0_pin_mask
0080010e l     O .bss	00000001 timer1_pin_mask
0080010c l     O .bss	00000002 timer2_pin_port
0080010b l     O .bss	00000001 timer2_pin_mask
00800114 l     O .bss	00000004 timer1_toggle_count
00800110 l     O .bss	00000004 timer2_toggle_count
00000320 l     F .text	0000004a micros
00800107 l     O .bss	00000004 timer0_overflow_count
0000036a l     F .text	00000064 delay
00800103 l     O .bss	00000004 timer0_millis
00800102 l     O .bss	00000001 timer0_fract
00000068 l     O .text	00000014 digital_pin_to_timer_PGM
00000000 l    df *ABS*	00000000 _clear_bss.o
000000e6 l       .text	00000000 .do_clear_bss_start
000000e4 l       .text	00000000 .do_clear_bss_loop
00000000 l    df *ABS*	00000000 _udivmodsi4.o
0000134e l       .text	00000000 __udivmodsi4_ep
00001334 l       .text	00000000 __udivmodsi4_loop
00000000 l    df *ABS*	00000000 _exit.o
000013a2 l       .text	00000000 __stop_program
000000f4  w      .text	00000000 __vector_22
00001382 g       .text	0000001e .hidden __umulhisi3
000000f4  w      .text	00000000 __vector_1
0000ffa0 g       *ABS*	00000000 __DATA_REGION_LENGTH__
00000068 g       .text	00000000 __trampolines_start
000013a4 g       .text	00000000 _etext
000000f4  w      .text	00000000 __vector_24
000000f4  w      .text	00000000 __vector_12
000000f4 g       .text	00000000 __bad_interrupt
000013a6 g       *ABS*	00000000 __data_load_end
000000f4  w      .text	00000000 __vector_6
00000068 g       .text	00000000 __trampolines_end
000000f4  w      .text	00000000 __vector_3
000000f4  w      .text	00000000 __vector_23
000013a4 g       *ABS*	00000000 __data_load_start
000000ba g       .text	00000000 __dtors_end
0080011c g       .bss	00000000 __bss_end
0000136c g       .text	00000016 .hidden __muluhisi3
00000400 g       *ABS*	00000000 __LOCK_REGION_LENGTH__
000000f4  w      .text	00000000 __vector_25
000000f4  w      .text	00000000 __vector_11
000000ba  w      .text	00000000 __init
000000f4  w      .text	00000000 __vector_13
000000f4  w      .text	00000000 __vector_17
000000f4  w      .text	00000000 __vector_19
00000462 g     F .text	00000186 __vector_7
000000dc g       .text	00000010 .hidden __do_clear_bss
00810000 g       .comment	00000000 __eeprom_end
00000000 g       .text	00000000 __vectors
00800102 g       .data	00000000 __data_end
00000000  w      .text	00000000 __vector_default
000000f4  w      .text	00000000 __vector_5
00000400 g       *ABS*	00000000 __SIGNATURE_REGION_LENGTH__
000000ba g       .text	00000000 __ctors_start
000000c6 g       .text	00000016 .hidden __do_copy_data
00800102 g       .bss	00000000 __bss_start
000005e8 g     F .text	00000d40 main
000000f4  w      .text	00000000 __vector_4
00800060 g       *ABS*	00000000 __DATA_REGION_ORIGIN__
00000000  w      *ABS*	00000000 __heap_end
000000f4  w      .text	00000000 __vector_9
000000f4  w      .text	00000000 __vector_2
00000400 g       *ABS*	00000000 __USER_SIGNATURE_REGION_LENGTH__
000000f4  w      .text	00000000 __vector_21
000000f4  w      .text	00000000 __vector_15
000000ba g       .text	00000000 __dtors_start
000000ba g       .text	00000000 __ctors_end
000008ff  w      *ABS*	00000000 __stack
00800102 g       .data	00000000 _edata
0080011c g       .comment	00000000 _end
000000f4  w      .text	00000000 __vector_8
000013a0  w      .text	00000000 .hidden exit
00001328 g       .text	00000044 .hidden __udivmodsi4
00010000 g       *ABS*	00000000 __EEPROM_REGION_LENGTH__
000013a0 g       .text	00000000 .hidden _exit
000000f4  w      .text	00000000 __vector_14
000000f4  w      .text	00000000 __vector_10
000003ce g     F .text	00000094 __vector_16
00800100 g       .data	00000000 __data_start
000000f4  w      .text	00000000 __vector_18
00000003 g       *ABS*	00000000 __FUSE_REGION_LENGTH__
00020000 g       *ABS*	00000000 __TEXT_REGION_LENGTH__
000000f4  w      .text	00000000 __vector_20
