	h>s@
GCC: (GNU) 7.3.0
atmega328p
	bit
	out
	ocr
	bit
	reg
	out
../../../../gcc/libgcc/config/avr/lib1funcs.S
/home/jenkins/workspace/avr-gcc-staging/label/debian7-x86_64/gcc-build/avr/avr5/libgcc
GNU AS 2.26
../../../../gcc/libgcc/config/avr/lib1funcs.S
/home/jenkins/workspace/avr-gcc-staging/label/debian7-x86_64/gcc-build/avr/avr5/libgcc
GNU AS 2.26
../../../../gcc/libgcc/config/avr/lib1funcs.S
/home/jenkins/workspace/avr-gcc-staging/label/debian7-x86_64/gcc-build/avr/avr5/libgcc
GNU AS 2.26
../../../../gcc/libgcc/config/avr/lib1funcs.S
/home/jenkins/workspace/avr-gcc-staging/label/debian7-x86_64/gcc-build/avr/avr5/libgcc
GNU AS 2.26
../../../../gcc/libgcc/config/avr/lib1funcs.S
/home/jenkins/workspace/avr-gcc-staging/label/debian7-x86_64/gcc-build/avr/avr5/libgcc
GNU AS 2.26
../../../../gcc/libgcc/config/avr/lib1funcs.S
/home/jenkins/workspace/avr-gcc-staging/label/debian7-x86_64/gcc-build/avr/avr5/libgcc
GNU AS 2.26
/home/jamie/.arduino15/packages/arduino/hardware/avr/1.8.6/cores/arduino
/home/jamie/Documents/hackthebox/weekly-releases/weekly-releases/reversing/[Easy] Hubbub/src/Hubbub
/home/jamie/.arduino15/packages/arduino/tools/avr-gcc/7.3.0-atmel3.6.1-arduino7/avr/include
/home/jamie/.arduino15/packages/arduino/hardware/avr/1.8.6/variants/eightanaloginputs/../standard
wiring_digital.c
Tone.cpp
wiring.c
main.cpp
Hubbub.ino
stdint.h
hooks.c
pins_arduino.h
../../../../gcc/libgcc/config/avr
lib1funcs.S
../../../../gcc/libgcc/config/avr
lib1funcs.S
../../../../gcc/libgcc/config/avr
lib1funcs.S
../../../../gcc/libgcc/config/avr
lib1funcs.S
../../../../gcc/libgcc/config/avr
lib1funcs.S
../../../../gcc/libgcc/config/avr
lib1funcs.S
avr-libc 2.0.0
uint8_t
uint16_t
__eeprom
UDR0
UCSR0A
UCSR0B
UCSR0C
UBRR0
TWAMR
TWBR
TWCR
TWSR
TWDR
TWAR
TIMSK1
TIFR1
TCCR1A
TCCR1B
TCCR1C
TCNT1
OCR1A
OCR1B
ICR1
GTCCR
TIMSK2
TIFR2
TCCR2A
TCCR2B
TCNT2
OCR2B
OCR2A
ASSR
GTCCR
ADMUX
ADCSRA
ADCSRB
DIDR0
ACSR
DIDR1
PORTB
DDRB
PINB
PORTC
DDRC
PINC
PORTD
DDRD
PIND
OCR0B
OCR0A
TCNT0
TCCR0B
TCCR0A
TIMSK0
TIFR0
GTCCR
EICRA
EIMSK
EIFR
PCICR
PCMSK2
PCMSK1
PCMSK0
PCIFR
SPDR
SPSR
SPCR
WDTCSR
OSCCAL
CLKPR
SREG
SPMCSR
MCUCR
MCUSR
SMCR
GPIOR2
GPIOR1
GPIOR0
EEAR
EEDR
EECR
GNU GIMPLE 7.3.0 -mn-flash=1 -mmcu=avr5 -mn-flash=1 -mno-skip-bug -mmcu=avr5 -g -Os -Os -fmath-errno -fsigned-zeros -ftrapping-math -fno-trapv -fno-openmp -fno-openacc -fno-exceptions -fuse-linker-plugin -fltrans
_Z12disableTimerh.part.0
setup
timer2_pin_port
duration
start
timer2_pin_mask
digitalWrite
timer1_toggle_count
tone_pin_to_timer_PGM
init
micros
prescalarbits
digital_pin_to_port_PGM
loop
tone
__vector_16
timer0_millis
unsigned char
__empty
long unsigned int
noTone
timer0_pin_mask
disableTimer
uint32_t
__result
__vector_7
timer1_pin_mask
oldSREG
turnOffPWM.part.0
main
pinMode
timer0_toggle_count
timer2_toggle_count
port_to_output_PGM
__addr16
uint8_t
mode
frequency
/home/jamie/Documents/hackthebox/weekly-releases/weekly-releases/reversing/[Easy] Hubbub/src/Hubbub
tone_pins
digital_pin_to_bit_mask_PGM
initVariant
_timer
_pin
port_to_mode_PGM
delay
timer0_overflow_count
digital_pin_to_timer_PGM
uint16_t
<artificial>
toneBegin
long int
timer0_fract
turnOffPWM
__SP_H__
__SP_L__
__SREG__
__tmp_reg__
__zero_reg__
pinMode.constprop.3
digital_pin_to_bit_mask_PGM
digital_pin_to_port_PGM
port_to_mode_PGM
port_to_output_PGM
_Z4tonehjm.constprop.1
_ZL9tone_pins
_ZL21tone_pin_to_timer_PGM
timer0_toggle_count
timer0_pin_mask
timer1_pin_mask
timer2_pin_port
timer2_pin_mask
timer1_toggle_count
timer2_toggle_count
micros
timer0_overflow_count
delay
timer0_millis
timer0_fract
digital_pin_to_timer_PGM
_clear_bss.o
.do_clear_bss_start
.do_clear_bss_loop
_udivmodsi4.o
__udivmodsi4_ep
__udivmodsi4_loop
_exit.o
__stop_program
__vector_22
__umulhisi3
__vector_1
__DATA_REGION_LENGTH__
__trampolines_start
_etext
__vector_24
__vector_12
__bad_interrupt
__data_load_end
__vector_6
__trampolines_end
__vector_3
__vector_23
__data_load_start
__dtors_end
__bss_end
__muluhisi3
__LOCK_REGION_LENGTH__
__vector_25
__vector_11
__init
__vector_13
__vector_17
__vector_19
__vector_7
__do_clear_bss
__eeprom_end
__vectors
__data_end
__vector_default
__vector_5
__SIGNATURE_REGION_LENGTH__
__ctors_start
__do_copy_data
__bss_start
main
__vector_4
__DATA_REGION_ORIGIN__
__heap_end
__vector_9
__vector_2
__USER_SIGNATURE_REGION_LENGTH__
__vector_21
__vector_15
__dtors_start
__ctors_end
__stack
_edata
__vector_8
__udivmodsi4
__EEPROM_REGION_LENGTH__
_exit
__vector_14
__vector_10
__vector_16
__data_start
__vector_18
__FUSE_REGION_LENGTH__
__TEXT_REGION_LENGTH__
__vector_20
.symtab
.strtab
.shstrtab
.data
.text
.bss
.comment
.note.gnu.avr.deviceinfo
.debug_aranges
.debug_info
.debug_abbrev
.debug_line
.debug_frame
.debug_str
.debug_loc
.debug_ranges
